# lattice-best-path --lm-scale=11 --word-symbol-table=exp/mono/graph/words.txt "ark:gunzip -c exp/mono/decode/lat.*.gz|" ark,t:exp/mono/decode/scoring/11.tra 
# Started at Tue Feb 15 14:17:56 PKT 2022
#
lattice-best-path --lm-scale=11 --word-symbol-table=exp/mono/graph/words.txt 'ark:gunzip -c exp/mono/decode/lat.*.gz|' ark,t:exp/mono/decode/scoring/11.tra 
LOG (lattice-best-path[5.5.996~1-2b016]:main():lattice-best-path.cc:99) For utterance 133_Hudhoudi_133Falaq, best cost 2584.96 + 312323 = 314908 over 3297 frames.
133_Hudhoudi_133Falaq bisomi {loxan~aAsi {ll~ahi {loka`firuwna lakumo {lr~aHoma`ni {lr~aHiymi >aEuw*u birab~i lamo min $ar~i maA walamo min $ar~i <i*aA min $ar~i walamo {ln~aAsi min $ar~i $ar~i maA lamo diynukumo 
LOG (lattice-best-path[5.5.996~1-2b016]:main():lattice-best-path.cc:99) For utterance 133_Hudhoudi_133Ikhlas, best cost 1612.72 + 207361 = 208974 over 2158 frames.
133_Hudhoudi_133Ikhlas bisomi >aHadN {lr~aHiymi >aHadN walamo yalido walamo bisomi {loEuqadi $ar~i walaA^ $ar~i l~ahu, kufuwFA taEobuduwna walaA^ walamo 
LOG (lattice-best-path[5.5.996~1-2b016]:main():lattice-best-path.cc:99) For utterance 133_Hudhoudi_133Kafiroon, best cost 3255.97 + 519497 = 522753 over 5698 frames.
133_Hudhoudi_133Kafiroon bisomi {loxan~aAsi {lr~aHoma`ni {lr~aHiymi $ar~i taEobuduwna walaA^ <i*aA >aEuw*u <i*aA walaA^ EaAbidN waliYa >aEobudu <ila`hi walamo walamo {ln~aAsi walamo maA^ Hasada walaA^ waqaba >aEobudu maA^ walamo {ln~aAsi diyni walamo $ar~i diyni 
LOG (lattice-best-path[5.5.996~1-2b016]:main():lattice-best-path.cc:99) For utterance 133_Hudhoudi_133Nas, best cost 2279.85 + 408668 = 410948 over 4376 frames.
133_Hudhoudi_133Nas bisomi {loxan~aAsi {ll~ahi yakun lakumo {lr~aHoma`ni {lr~aHiymi qulo >aEuw*u birab~i {ln~aAsi {ln~aAsi bisomi {ln~aAsi min $ar~i {lojin~api {ln~aAsi {lofalaqi {ln~aAsi lamo 
LOG (lattice-best-path[5.5.996~1-2b016]:main():lattice-best-path.cc:99) For utterance 134_Kamel_134Falaq, best cost 2819.76 + 384438 = 387257 over 3833 frames.
134_Kamel_134Falaq wamin walaA^ maA {lr~aHiymi qulo wamin birab~i $ar~i >aEuw*u wamin wamin min $ar~i >aEuw*u wamin yuwlado $ar~i min $ar~i wamin bisomi maA walamo {lofalaqi $ar~i huwa walamo $ar~i {lr~aHiymi bisomi kufuwFA 
LOG (lattice-best-path[5.5.996~1-2b016]:main():lattice-best-path.cc:99) For utterance 134_Kamel_134Ikhlas, best cost 2035.52 + 255527 = 257563 over 2527 frames.
134_Kamel_134Ikhlas $ar~i huwa {ll~ahu huwa {ll~ahu >aEuw*u walamo {ll~ahu >aHadN walaA^ walamo yalido walaA^ {lr~aHiymi yuwlado kufuwFA walaA^ maA >aEuw*u walamo 
LOG (lattice-best-path[5.5.996~1-2b016]:main():lattice-best-path.cc:99) For utterance 134_Kamel_134Kafiroon, best cost 3459.29 + 439446 = 442906 over 4541 frames.
134_Kamel_134Kafiroon Eabadt~umo {lr~aHiymi bisomi >aHadN[ Ea`biduwna >aEobudu $ar~i l~ahu, wamin bisomi >aEobudu {ll~ahu huwa huwa wamin >aEobudu Ea`biduwna walamo maA Ea`biduwna maA {lofalaqi maA walaA^ ya`^>ay~uhaA Ea`biduwna >aEuw*u {ln~aAsi yalido huwa walamo birab~i $ar~i diyni 
LOG (lattice-best-path[5.5.996~1-2b016]:main():lattice-best-path.cc:99) For utterance 134_Kamel_134Nas, best cost 6343.11 + 1.07115e+06 = 1.0775e+06 over 10875 frames.
134_Kamel_134Nas qulo wamin {ln~aAsi {lr~aHiymi wamin {ln~aAsi wamin {ln~aAsi wamin yuwasowisu wamin mina wamin {ln~aAsi wamin wamin walaA^ {lowasowaAsi {ln~aAsi {lr~aHiymi wamin Ea`biduwna Hasada wamin wamin wamin {lowasowaAsi yuwasowisu walamo walamo walamo lakumo qulo wamin birab~i {lr~aHoma`ni >aEuw*u {lr~aHiymi bisomi {lr~aHiymi {loxan~aAsi laA^ maA yuwlado wamin Eabadt~umo wamin wamin wamin wamin {loxan~aAsi {ln~aAsi wamin wamin {loxan~aAsi >aEuw*u walamo 
LOG (lattice-best-path[5.5.996~1-2b016]:main():lattice-best-path.cc:99) For utterance 135_AbdelAziz_135Falaq, best cost 1845.44 + 167755 = 169601 over 1881 frames.
135_AbdelAziz_135Falaq qulo >aEuw*u {lofalaqi $ar~i {ln~aAsi <i*aA >aEobudu {loxan~aAsi $ar~i kufuwFA wamin {lr~aHoma`ni walamo Hasada diynukumo diyni {ln~aAsi kufuwFA 
LOG (lattice-best-path[5.5.996~1-2b016]:main():lattice-best-path.cc:99) For utterance 135_AbdelAziz_135Ikhlas, best cost 1149.29 + 97627.6 = 98776.8 over 1079 frames.
135_AbdelAziz_135Ikhlas >aHadN walamo yalido {ll~ahu walaA^ kufuwFA wa{ln~aAsi wa{ln~aAsi >aEobudu kufuwFA 
LOG (lattice-best-path[5.5.996~1-2b016]:main():lattice-best-path.cc:99) For utterance 135_AbdelAziz_135Kafiroon, best cost 1638.13 + 193783 = 195421 over 2132 frames.
135_AbdelAziz_135Kafiroon qulo lakumo HaAsidK walaA^ maA^ walaA^ walaA^ Ea`biduwna lakumo diyni 
LOG (lattice-best-path[5.5.996~1-2b016]:main():lattice-best-path.cc:99) For utterance 135_AbdelAziz_135Nas, best cost 2181.17 + 227051 = 229232 over 2634 frames.
135_AbdelAziz_135Nas qulo >aEuw*u wamin {loxan~aAsi <i*aA {loxan~aAsi {loEuqadi lamo {ln~aAsi <i*aA {ln~aAsi {loxan~aAsi {ln~aAsi l~ahu, {loxan~aAsi {ln~aAsi {ln~aAsi {loxan~aAsi {ln~aAsi <i*aA kufuwFA 
LOG (lattice-best-path[5.5.996~1-2b016]:main():lattice-best-path.cc:99) For utterance 136_AbdelKawi_136Falaq, best cost 3598.33 + 307365 = 310964 over 3253 frames.
136_AbdelKawi_136Falaq bisomi $ar~i yalido {ll~ahi >aHadN {ll~ahi {lr~aHoma`ni {lr~aHiymi qulo taEobuduwna huwa birab~i {ll~ahu wamin $ar~i maA xalaqa fiY wamin walaA^ maA fiY {loEuqadi min $ar~i {ll~ahu {ll~ahu yalido fiY Suduwri wamin bisomi >aEuw*u fiY wamin $ar~i {ll~ahi 
LOG (lattice-best-path[5.5.996~1-2b016]:main():lattice-best-path.cc:99) For utterance 136_AbdelKawi_136Ikhlas, best cost 2153.44 + 206876 = 209030 over 2203 frames.
136_AbdelKawi_136Ikhlas bisomi >aHadN {ll~ahi {lr~aHoma`ni {lr~aHiymi huwa {ll~ahu >aHadN yalido yalido wamin {ll~ahu walaA^ yakun l~ahu, walaA^ {lr~aHiymi bisomi huwa 
LOG (lattice-best-path[5.5.996~1-2b016]:main():lattice-best-path.cc:99) For utterance 136_AbdelKawi_136Kafiroon, best cost 3627.27 + 429105 = 432732 over 4739 frames.
136_AbdelKawi_136Kafiroon bisomi {ll~ahi {ll~ahi {lr~aHoma`ni {lr~aHiymi qulo laA^ Ea`biduwna $ar~i walaA^ qulo EaAbidN maA^ taEobuduwna walaA^ Ea`biduwna l~ahu, >antumo walaA^ m~aA walamo walaA^ Ea`biduwna l~ahu, >antumo walaA^ $ar~i diyni 
LOG (lattice-best-path[5.5.996~1-2b016]:main():lattice-best-path.cc:99) For utterance 136_AbdelKawi_136Nas, best cost 3628.38 + 438208 = 441836 over 5003 frames.
136_AbdelKawi_136Nas bisomi $ar~i yalido {ll~ahi >aHadN {ll~ahi {lr~aHoma`ni {ln~aAsi {lr~aHiymi qulo {ll~ahu wamin {lr~aHoma`ni {ln~aAsi fiY {ln~aAsi >aEobudu bisomi {ln~aAsi fiY wamin {ln~aAsi lamo bisomi huwa {ln~aAsi fiY {l~a*iY {ln~aAsi >aEobudu {ll~ahu yalido wamin {lr~aHoma`ni 
LOG (lattice-best-path[5.5.996~1-2b016]:main():lattice-best-path.cc:99) For utterance 137_Rawdhaan_137Falaq, best cost 2378.3 + 245194 = 247572 over 2289 frames.
137_Rawdhaan_137Falaq bisomi wamin {lr~aHoma`ni qulo {lr~aHiymi qulo >aEuw*u maA wamin yuwlado min $ar~i maA walamo min $ar~i walamo fiY $ar~i min $ar~i $ar~i walaA^ $ar~i min $ar~i $ar~i {lr~aHoma`ni walaA^ wamin 
LOG (lattice-best-path[5.5.996~1-2b016]:main():lattice-best-path.cc:99) For utterance 137_Rawdhaan_137Ikhlas, best cost 1979.46 + 267047 = 269026 over 2503 frames.
137_Rawdhaan_137Ikhlas bisomi walaA^ {ll~ahi wamin {lr~aHoma`ni qulo diyni ya`^>ay~uhaA $ar~i walaA^ walamo walaA^ walaA^ walamo bisomi wamin bisomi $ar~i $ar~i bisomi $ar~i 
LOG (lattice-best-path[5.5.996~1-2b016]:main():lattice-best-path.cc:99) For utterance 137_Rawdhaan_137Kafiroon, best cost 2579.49 + 326419 = 328999 over 3127 frames.
137_Rawdhaan_137Kafiroon bisomi {ll~ahi wamin {lr~aHoma`ni {lr~aHiymi qulo ya`^>ay~uhaA >aHadN walaA^ ya`^>ay~uhaA maA^ EaAbidN maA^ wamin Ea`biduwna walamo walaA^ bisomi m~aA wamin walaA^ m~aA wamin birab~i wamin diyni 
LOG (lattice-best-path[5.5.996~1-2b016]:main():lattice-best-path.cc:99) For utterance 137_Rawdhaan_137Nas, best cost 2425.04 + 287377 = 289802 over 2699 frames.
137_Rawdhaan_137Nas bisomi laA^ {ll~ahi wamin {lr~aHoma`ni {lr~aHiymi qulo >aEuw*u bisomi fiY bisomi maliki walaA^ qulo >anaA" wamin wamin $ar~i $ar~i wa{ln~aAsi yuwasowisu qulo $ar~i qulo wamin {lr~aHoma`ni walaA^ $ar~i wa{ln~aAsi 
LOG (lattice-best-path[5.5.996~1-2b016]:main():lattice-best-path.cc:99) For utterance 138_AlHamri_138Falaq, best cost 3362.35 + 348338 = 351701 over 3804 frames.
138_AlHamri_138Falaq bisomi {ll~ahi {ll~ahi {lr~aHoma`ni {lr~aHiymi qulo >aEuw*u birab~i maA xalaqa fiY qulo min {ll~ahi walaA^ maA xalaqa fiY <i*aA wamin $ar~i <i*aA maA <i*aA xalaqa fiY {loEuqadi min $ar~i >aEuw*u walamo min {loEuqadi HaAsidK lamo {lojin~api >aHadN[ 
LOG (lattice-best-path[5.5.996~1-2b016]:main():lattice-best-path.cc:99) For utterance 138_AlHamri_138Ikhlas, best cost 2523.27 + 257556 = 260079 over 2768 frames.
138_AlHamri_138Ikhlas bisomi maA {ll~ahi {ll~ahi fiY gaAsiqK {lr~aHiymi yalido walamo xalaqa yalido {ll~ahi {ln~af~a`va`ti bisomi qulo maA walaA^ fiY l~ahu, kufuwFA walaA^ bisomi maA l~ahu, walamo >aHadN[ 
LOG (lattice-best-path[5.5.996~1-2b016]:main():lattice-best-path.cc:99) For utterance 138_AlHamri_138Kafiroon, best cost 3900.43 + 433507 = 437407 over 4689 frames.
138_AlHamri_138Kafiroon bisomi >aEuw*u {ll~ahi {ll~ahi {lr~aHoma`ni {lr~aHiymi qulo ya`^>ay~uhaA taEobuduwna walaA^ Ea`biduwna maA^ qulo maA^ l~ahu, taEobuduwna walaA^ Ea`biduwna <i*aA >aEuw*u Ea`biduwna m~aA Eabadt~umo lamo qulo maA^ waliYa Ea`biduwna {loEuqadi <i*aA Ea`biduwna m~aA >aEuw*u lamo bisomi {lr~aHiymi diyni 
LOG (lattice-best-path[5.5.996~1-2b016]:main():lattice-best-path.cc:99) For utterance 138_AlHamri_138Nas, best cost 2976.59 + 462305 = 465281 over 5352 frames.
138_AlHamri_138Nas bisomi qulo maA {ll~ahi maA {ll~ahi {lr~aHoma`ni {lr~aHiymi qulo >aEuw*u <i*aA birab~i {ln~aAsi yuwasowisu bisomi {ln~aAsi <ila`hi {ln~aAsi fiY <i*aA min $ar~i <i*aA {ln~aAsi $ar~i $ar~i l~ahu, {ln~aAsi fiY 
LOG (lattice-best-path[5.5.996~1-2b016]:main():lattice-best-path.cc:99) For utterance 139_AbdulBari_139Falaq, best cost 3577.68 + 376167 = 379745 over 3911 frames.
139_AbdulBari_139Falaq bisomi maliki yuwlado {ll~ahi {ll~ahu bisomi {ll~ahi {lr~aHoma`ni {lr~aHoma`ni {lr~aHiymi qulo >aEuw*u birab~i $ar~i maA xalaqa maA xalaqa maA birab~i min maA {ln~af~a`va`ti maA fiY $ar~i >aHadN {ll~ahu $ar~i HaAsidK <i*aA waqaba min $ar~i bisomi walamo min $ar~i HaAsidK walamo min kufuwFA 
LOG (lattice-best-path[5.5.996~1-2b016]:main():lattice-best-path.cc:99) For utterance 139_AbdulBari_139Ikhlas, best cost 2160.9 + 242487 = 244648 over 2454 frames.
139_AbdulBari_139Ikhlas bisomi yuwlado {ll~ahi walaA^ {ll~ahi {lr~aHiymi yalido maA walamo walamo yalido {ll~ahu walaA^ yuwlado maA walaA^ maA >aEuw*u l~ahu, qulo walamo 
LOG (lattice-best-path[5.5.996~1-2b016]:main():lattice-best-path.cc:99) For utterance 139_AbdulBari_139Kafiroon, best cost 3805.4 + 506990 = 510795 over 5515 frames.
139_AbdulBari_139Kafiroon bisomi {ll~ahi walaA^ maA {ll~ahi {lr~aHoma`ni {lr~aHoma`ni {lr~aHiymi qulo laA^ >aHadN walamo walaA^ Ea`biduwna <i*aA {ln~af~a`va`ti l~ahu, walaA^ bisomi Ea`biduwna l~ahu, walaA^ Ea`biduwna walamo walaA^ walaA^ l~ahu, qulo walamo walamo walamo bisomi maA qulo $ar~i {lr~aHoma`ni {lr~aHoma`ni 
LOG (lattice-best-path[5.5.996~1-2b016]:main():lattice-best-path.cc:99) For utterance 139_AbdulBari_139Nas, best cost 3591.49 + 449732 = 453324 over 5008 frames.
139_AbdulBari_139Nas bisomi $ar~i maA {ll~ahi walaA^ maA {ll~ahi {lr~aHoma`ni diyni {lr~aHiymi qulo yalido birab~i {ln~aAsi {lojin~api {ln~aAsi {lojin~api bisomi {ln~aAsi kufuwFA birab~i min $ar~i huwa walaA^ {lofalaqi {ln~aAsi {lojin~api {lr~aHiymi huwa waliYa kufuwFA birab~i <i*aA 
LOG (lattice-best-path[5.5.996~1-2b016]:main():lattice-best-path.cc:99) For utterance 140_AbdulBasit_140Falaq, best cost 3801.72 + 610258 = 614060 over 6314 frames.
140_AbdulBasit_140Falaq bisomi Ea`biduwna {loEuqadi {ll~ahi wamin $ar~i birab~i {lr~aHiymi $ar~i qulo >aEuw*u >aEuw*u wamin wamin {lojin~api birab~i lamo >aHadN[ >aEuw*u <i*aA >aHadN[ wamin walamo >aHadN[ walaA^ fiY {loEuqadi {lowasowaAsi {ln~aAsi >aHadN[ 
LOG (lattice-best-path[5.5.996~1-2b016]:main():lattice-best-path.cc:99) For utterance 140_AbdulBasit_140Ikhlas, best cost 2721.87 + 403947 = 406668 over 4099 frames.
140_AbdulBasit_140Ikhlas bisomi wamin qulo {ll~ahi wamin $ar~i birab~i {lr~aHoma`ni {lr~aHiymi >aEuw*u {ll~ahu walamo wamin >aEuw*u {ll~ahu walamo bisomi {ll~ahu walaA^ lamo >aHadN[ qulo lamo 
LOG (lattice-best-path[5.5.996~1-2b016]:main():lattice-best-path.cc:99) For utterance 140_AbdulBasit_140Kafiroon, best cost 4835.31 + 844899 = 849735 over 9068 frames.
140_AbdulBasit_140Kafiroon bisomi {ll~ahu Ea`biduwna yuwlado {ll~ahi diyni diyni ya`^>ay~uhaA laA^ l~ahu, walamo >aEobudu qulo waliYa <i*aA walaA^ walamo {l~a*iY ya`^>ay~uhaA Ea`biduwna Ea`biduwna Ea`biduwna qulo lamo {l~a*iY wamin {ln~aAsi walamo wamin ya`^>ay~uhaA laA^ >aEuw*u walamo >aHadN[ walaA^ fiY diyni 
LOG (lattice-best-path[5.5.996~1-2b016]:main():lattice-best-path.cc:99) For utterance 140_AbdulBasit_140Nas, best cost 4456.74 + 773675 = 778132 over 8033 frames.
140_AbdulBasit_140Nas bisomi Ea`biduwna {ll~ahi Eabadt~umo qulo qulo diyni diyni qulo >aEuw*u >aEuw*u fiY {ll~ahu birab~i maliki mina bisomi Ea`biduwna {ln~aAsi wamin Ea`biduwna {ln~aAsi birab~i {ll~ahu wamin wamin wamin maliki mina walaA^ ya`^>ay~uhaA <ila`hi fiY qulo {ln~aAsi {ln~aAsi walaA^ wamin >aEuw*u fiY {lr~aHoma`ni 
LOG (lattice-best-path[5.5.996~1-2b016]:main():lattice-best-path.cc:124) Overall cost per frame is 95.5345 = 0.722639 [graph] + 94.8119 [acoustic] over 131862 frames.
LOG (lattice-best-path[5.5.996~1-2b016]:main():lattice-best-path.cc:128) Done 32 lattices, failed for 0
# Accounting: time=1 threads=1
# Ended (code 0) at Tue Feb 15 14:17:57 PKT 2022, elapsed time 1 seconds
