# lattice-best-path --lm-scale=7 --word-symbol-table=exp/mono/graph/words.txt "ark:gunzip -c exp/mono/decode/lat.*.gz|" ark,t:exp/mono/decode/scoring/7.tra 
# Started at Tue Feb 15 14:17:55 PKT 2022
#
lattice-best-path --lm-scale=7 --word-symbol-table=exp/mono/graph/words.txt 'ark:gunzip -c exp/mono/decode/lat.*.gz|' ark,t:exp/mono/decode/scoring/7.tra 
LOG (lattice-best-path[5.5.996~1-2b016]:main():lattice-best-path.cc:99) For utterance 133_Hudhoudi_133Falaq, best cost 2079.98 + 311753 = 313833 over 3297 frames.
133_Hudhoudi_133Falaq bisomi {loxan~aAsi {ll~ahi {loka`firuwna lakumo taEobuduwna {lr~aHoma`ni {lr~aHiymi wamin >aEuw*u birab~i $ar~i maA walamo fiY gaAsiqK Suduwri <ila`hi waqaba min $ar~i maA walamo fiY min $ar~i <i*aA fiY min $ar~i walamo Hasada {ln~aAsi min $ar~i $ar~i laA^ walamo diynukumo >aHadN[ 
LOG (lattice-best-path[5.5.996~1-2b016]:main():lattice-best-path.cc:99) For utterance 133_Hudhoudi_133Ikhlas, best cost 1227.63 + 207120 = 208348 over 2158 frames.
133_Hudhoudi_133Ikhlas bisomi {ln~aAsi >aHadN {lr~aHiymi >aHadN walamo Hasada yalido walamo Hasada bisomi {lowasowaAsi {lowasowaAsi $ar~i walaA^ $ar~i l~ahu, kufuwFA walaA^ taEobuduwna walaA^ walamo 
LOG (lattice-best-path[5.5.996~1-2b016]:main():lattice-best-path.cc:99) For utterance 133_Hudhoudi_133Kafiroon, best cost 3060.23 + 518284 = 521344 over 5698 frames.
133_Hudhoudi_133Kafiroon bisomi {loxan~aAsi {ll~ahi walaA^ {loxan~aAsi wamin {lr~aHoma`ni {lr~aHiymi $ar~i {ln~aAsi taEobuduwna walaA^ <i*aA >aEuw*u >aEobudu <i*aA Eabadt~umo walamo EaAbidN {lojin~api waliYa >aEuw*u >aEobudu <ila`hi <i*aA >aEuw*u lamo walamo >antumo lakumo {ln~aAsi walamo >aEobudu maA^ Hasada {ll~ahu Ea`biduwna waqaba >aEobudu walamo lakumo >aEuw*u >aEobudu Ea`biduwna maA^ walamo Hasada {ln~aAsi diyni taEobuduwna walamo birab~i qulo {lofalaqi {lr~aHoma`ni {lr~aHiymi diyni 
LOG (lattice-best-path[5.5.996~1-2b016]:main():lattice-best-path.cc:99) For utterance 133_Hudhoudi_133Nas, best cost 1971.86 + 407956 = 409928 over 4376 frames.
133_Hudhoudi_133Nas bisomi {loxan~aAsi {ll~ahi yakun lakumo {lr~aHoma`ni {lr~aHiymi qulo >aEuw*u birab~i {ln~aAsi {ln~aAsi bisomi {lowasowaAsi <ila`hi {ln~aAsi min $ar~i walaA^ {lojin~api walaA^ {lowasowaAsi kufuwFA {l~a*iY laA^ {ln~aAsi {lofalaqi min {lr~aHiymi {ln~aAsi $ar~i {ln~aAsi <i*aA lamo 
LOG (lattice-best-path[5.5.996~1-2b016]:main():lattice-best-path.cc:99) For utterance 134_Kamel_134Falaq, best cost 2160.48 + 383941 = 386102 over 3833 frames.
134_Kamel_134Falaq wamin >aEuw*u walaA^ maA {lr~aHiymi qulo wamin maA {ll~ahu wamin $ar~i >aEuw*u wamin wamin min $ar~i >aEuw*u walaA^ walamo yuwlado $ar~i min $ar~i maA wamin maA bisomi maA walamo {lofalaqi min $ar~i {lofalaqi walaA^ laA^ $ar~i huwa walamo $ar~i {lr~aHiymi bisomi kufuwFA 
LOG (lattice-best-path[5.5.996~1-2b016]:main():lattice-best-path.cc:99) For utterance 134_Kamel_134Ikhlas, best cost 1431.44 + 255364 = 256795 over 2527 frames.
134_Kamel_134Ikhlas $ar~i huwa {ll~ahu huwa {ll~ahu >aEuw*u walamo >aEuw*u {ll~ahu >aHadN walaA^ walamo yalido walaA^ {lr~aHiymi bisomi $ar~i yuwlado >aEuw*u kufuwFA walaA^ $ar~i maA >aEuw*u walamo 
LOG (lattice-best-path[5.5.996~1-2b016]:main():lattice-best-path.cc:99) For utterance 134_Kamel_134Kafiroon, best cost 3153.83 + 438208 = 441362 over 4541 frames.
134_Kamel_134Kafiroon Eabadt~umo diyni bisomi {ln~aAsi >aHadN[ {lr~aHiymi qulo Ea`biduwna >aEobudu $ar~i yuwlado walaA^ $ar~i walaA^ l~ahu, wamin bisomi >aEobudu {ll~ahu huwa huwa maA {ll~ahi huwa {lr~aHiymi wamin bisomi >aEobudu maA {loka`firuwna fiY Ea`biduwna >aEobudu {ll~ahu huwa walamo wamin maA Ea`biduwna maA birab~i {lofalaqi maA >aEuw*u walaA^ laA^ ya`^>ay~uhaA Ea`biduwna >aEuw*u maA min yuwlado l~ahu, maA {ln~aAsi yalido huwa wamin walamo birab~i $ar~i diyni 
LOG (lattice-best-path[5.5.996~1-2b016]:main():lattice-best-path.cc:99) For utterance 134_Kamel_134Nas, best cost 4741 + 1.07033e+06 = 1.07508e+06 over 10875 frames.
134_Kamel_134Nas $ar~i qulo wamin {ln~aAsi {lr~aHiymi wamin yuwasowisu wamin {ln~aAsi wamin yuwasowisu wamin mina wamin {ln~aAsi wamin wamin wamin qulo walaA^ {lowasowaAsi {ln~aAsi {lr~aHiymi wamin qulo Ea`biduwna laA^ Hasada wamin walamo wamin wamin {lowasowaAsi yuwasowisu walamo walamo walamo $ar~i lakumo qulo wamin birab~i {lr~aHoma`ni >aEuw*u {loka`firuwna yuwlado walaA^ {loka`firuwna {lr~aHiymi ya`^>ay~uhaA $ar~i {loxan~aAsi laA^ maA wamin $ar~i $ar~i wamin {lowasowaAsi Eabadt~umo wamin wamin wamin >aEuw*u wamin wamin {loxan~aAsi {ln~aAsi wamin min walaA^ {loxan~aAsi ya`^>ay~uhaA >aEuw*u walamo 
LOG (lattice-best-path[5.5.996~1-2b016]:main():lattice-best-path.cc:99) For utterance 135_AbdelAziz_135Falaq, best cost 1431.62 + 167406 = 168838 over 1881 frames.
135_AbdelAziz_135Falaq qulo >aEuw*u {lofalaqi $ar~i {ln~aAsi <i*aA >aEobudu {loxan~aAsi $ar~i kufuwFA $ar~i maA wamin {lr~aHoma`ni walamo Hasada {loxan~aAsi {ln~aAsi kufuwFA kufuwFA $ar~i qulo {loxan~aAsi diyni {ln~aAsi kufuwFA 
LOG (lattice-best-path[5.5.996~1-2b016]:main():lattice-best-path.cc:99) For utterance 135_AbdelAziz_135Ikhlas, best cost 1001.17 + 97289.6 = 98290.8 over 1079 frames.
135_AbdelAziz_135Ikhlas >aHadN {lS~amadu lamo yalido {ll~ahu walaA^ $ar~i taEobuduwna walamo diynukumo kufuwFA wa{ln~aAsi wa{ln~aAsi >aEobudu l~ahu, {loxan~aAsi kufuwFA 
LOG (lattice-best-path[5.5.996~1-2b016]:main():lattice-best-path.cc:99) For utterance 135_AbdelAziz_135Kafiroon, best cost 1414.9 + 193282 = 194697 over 2132 frames.
135_AbdelAziz_135Kafiroon qulo ya`^>ay~uhaA Ea`biduwna m~aA EaAbidN m~aA maA^ >aEuw*u walaA^ qulo maA^ >aEuw*u walaA^ diynukumo walaA^ ya`^>ay~uhaA lakumo walaA^ diyni 
LOG (lattice-best-path[5.5.996~1-2b016]:main():lattice-best-path.cc:99) For utterance 135_AbdelAziz_135Nas, best cost 1691.35 + 226661 = 228352 over 2634 frames.
135_AbdelAziz_135Nas qulo >aEuw*u HaAsidK wamin {loxan~aAsi {loEuqadi <i*aA walaA^ {loxan~aAsi {loEuqadi lamo kufuwFA $ar~i {loxan~aAsi {ln~aAsi <i*aA {ln~aAsi walamo {loxan~aAsi {ln~aAsi $ar~i l~ahu, {loxan~aAsi {ln~aAsi {ln~aAsi {loxan~aAsi {ln~aAsi <i*aA kufuwFA 
LOG (lattice-best-path[5.5.996~1-2b016]:main():lattice-best-path.cc:99) For utterance 136_AbdelKawi_136Falaq, best cost 2544.02 + 307045 = 309589 over 3253 frames.
136_AbdelKawi_136Falaq min bisomi $ar~i yalido {ll~ahi >aHadN {ll~ahi {lr~aHoma`ni {lr~aHiymi qulo >aEuw*u l~ahu, huwa birab~i {ll~ahu wamin $ar~i maA xalaqa fiY wamin walaA^ maA xalaqa yuwasowisu {loEuqadi wamin $ar~i {ll~ahu maA {ll~ahu yalido >aHadN fiY Suduwri wamin bisomi >aEuw*u fiY wamin $ar~i {lr~aHoma`ni HaAsidK {ll~ahi 
LOG (lattice-best-path[5.5.996~1-2b016]:main():lattice-best-path.cc:99) For utterance 136_AbdelKawi_136Ikhlas, best cost 1761.9 + 206334 = 208096 over 2203 frames.
136_AbdelKawi_136Ikhlas bisomi $ar~i {ll~ahi walaA^ >aHadN {ll~ahi {lr~aHoma`ni {lr~aHiymi qulo huwa {ll~ahu >aHadN yalido {ll~ahi yalido >aEuw*u {ll~ahu wamin {ll~ahu walaA^ yuwlado walaA^ yakun l~ahu, walaA^ {lr~aHiymi bisomi huwa EaAbidN {ll~ahi 
LOG (lattice-best-path[5.5.996~1-2b016]:main():lattice-best-path.cc:99) For utterance 136_AbdelKawi_136Kafiroon, best cost 2913.75 + 428336 = 431250 over 4739 frames.
136_AbdelKawi_136Kafiroon bisomi {ll~ahi >aHadN {ll~ahi {lr~aHoma`ni {lr~aHiymi qulo laA^ Ea`biduwna $ar~i walaA^ qulo {lofalaqi EaAbidN maA^ huwa taEobuduwna walaA^ Ea`biduwna m~aA l~ahu, >antumo qulo >aEuw*u walaA^ Ea`biduwna m~aA taEobuduwna diyni walaA^ Ea`biduwna walaA^ l~ahu, {l~a*iY >antumo maA^ walaA^ wamin $ar~i $ar~i kufuwFA min diyni 
LOG (lattice-best-path[5.5.996~1-2b016]:main():lattice-best-path.cc:99) For utterance 136_AbdelKawi_136Nas, best cost 3076.77 + 437287 = 440364 over 5003 frames.
136_AbdelKawi_136Nas min bisomi $ar~i yalido {ll~ahi >aHadN {ll~ahi {lr~aHoma`ni {ln~aAsi {lr~aHiymi qulo maA birab~i {ll~ahu wamin {lr~aHoma`ni {ln~aAsi fiY birab~i wa{ln~aAsi >aEobudu bisomi {ln~aAsi fiY wamin l~ahu, >anaA" waliYa {ln~aAsi lamo bisomi $ar~i {lr~aHoma`ni huwa min $ar~i >aHadN {ln~aAsi fiY {l~a*iY l~ahu, {ln~aAsi >aEobudu yuwasowisu {ll~ahu maA {ll~ahu >aHadN yalido maA^ >aHadN {lr~aHoma`ni 
LOG (lattice-best-path[5.5.996~1-2b016]:main():lattice-best-path.cc:99) For utterance 137_Rawdhaan_137Falaq, best cost 1863.44 + 244727 = 246590 over 2289 frames.
137_Rawdhaan_137Falaq bisomi laA^ {ll~ahi wamin {lr~aHoma`ni {lr~aHoma`ni qulo {lr~aHiymi qulo >aEuw*u wamin maA wamin yuwlado min $ar~i maA walamo $ar~i min $ar~i maA wamin {lr~aHoma`ni walamo fiY $ar~i min $ar~i $ar~i $ar~i walaA^ fiY $ar~i min $ar~i $ar~i {lr~aHoma`ni walaA^ wamin 
LOG (lattice-best-path[5.5.996~1-2b016]:main():lattice-best-path.cc:99) For utterance 137_Rawdhaan_137Ikhlas, best cost 1632.61 + 266602 = 268235 over 2503 frames.
137_Rawdhaan_137Ikhlas bisomi walaA^ maA {ll~ahi wamin {lr~aHoma`ni {lr~aHoma`ni qulo diyni qulo ya`^>ay~uhaA wamin qulo walaA^ walamo walaA^ maA walaA^ walaA^ walamo bisomi walaA^ wamin {lr~aHoma`ni wamin bisomi lamo $ar~i $ar~i bisomi $ar~i 
LOG (lattice-best-path[5.5.996~1-2b016]:main():lattice-best-path.cc:99) For utterance 137_Rawdhaan_137Kafiroon, best cost 1920.72 + 326049 = 327969 over 3127 frames.
137_Rawdhaan_137Kafiroon bisomi laA^ {ll~ahi wamin {lr~aHoma`ni {lr~aHiymi qulo ya`^>ay~uhaA {lowasowaAsi >aHadN walaA^ ya`^>ay~uhaA maA^ EaAbidN m~aA maA^ wamin Ea`biduwna qulo m~aA walamo walaA^ ya`^>ay~uhaA bisomi m~aA wamin walaA^ m~aA wamin wamin birab~i wamin diyni 
LOG (lattice-best-path[5.5.996~1-2b016]:main():lattice-best-path.cc:99) For utterance 137_Rawdhaan_137Nas, best cost 1815.14 + 287043 = 288858 over 2699 frames.
137_Rawdhaan_137Nas bisomi laA^ {ll~ahi wamin {lr~aHoma`ni qulo {lr~aHiymi qulo >aEuw*u bisomi min fiY bisomi maliki walaA^ qulo maA^ >anaA" maliki wamin qulo wamin $ar~i $ar~i wa{ln~aAsi yuwasowisu qulo $ar~i qulo wamin $ar~i wamin {lr~aHoma`ni fiY laA^ $ar~i wa{ln~aAsi 
LOG (lattice-best-path[5.5.996~1-2b016]:main():lattice-best-path.cc:99) For utterance 138_AlHamri_138Falaq, best cost 2542.25 + 347836 = 350378 over 3804 frames.
138_AlHamri_138Falaq bisomi {ll~ahi walaA^ maliki {lowasowaAsi maA {ll~ahi {lr~aHoma`ni {lr~aHiymi qulo >aEuw*u birab~i maA xalaqa fiY qulo min $ar~i {loEuqadi {ll~ahi walaA^ maA xalaqa fiY <i*aA min $ar~i <i*aA >aEuw*u maA <i*aA >aEobudu xalaqa fiY {loEuqadi min $ar~i >aEuw*u {ln~af~a`va`ti lamo min $ar~i <i*aA {ll~ahi HaAsidK lamo {lojin~api >aHadN[ 
LOG (lattice-best-path[5.5.996~1-2b016]:main():lattice-best-path.cc:99) For utterance 138_AlHamri_138Ikhlas, best cost 1975.99 + 257074 = 259050 over 2768 frames.
138_AlHamri_138Ikhlas bisomi ya`^>ay~uhaA qulo maA {ll~ahi bisomi maliki birab~i {ll~ahi fiY gaAsiqK {lr~aHiymi yuwlado walaA^ yalido walamo mina xalaqa yalido {ll~ahi {ln~af~a`va`ti bisomi qulo maA walaA^ fiY l~ahu, kufuwFA walaA^ {loEuqadi qulo bisomi maA l~ahu, walamo >aHadN[ >aHadN[ 
LOG (lattice-best-path[5.5.996~1-2b016]:main():lattice-best-path.cc:99) For utterance 138_AlHamri_138Kafiroon, best cost 2851.65 + 433090 = 435941 over 4689 frames.
138_AlHamri_138Kafiroon bisomi >aEuw*u {ll~ahi {ll~ahi {lr~aHoma`ni {lr~aHiymi qulo ya`^>ay~uhaA >aEuw*u taEobuduwna wamin bisomi Ea`biduwna qulo maA^ min m~aA Eabadt~umo l~ahu, taEobuduwna walaA^ Ea`biduwna <i*aA >aEuw*u Ea`biduwna m~aA Eabadt~umo lamo Hasada walaA^ Ea`biduwna qulo maA^ waliYa Ea`biduwna {loEuqadi <i*aA Ea`biduwna m~aA >aEuw*u lamo xalaqa bisomi yuwlado {lr~aHiymi diyni 
LOG (lattice-best-path[5.5.996~1-2b016]:main():lattice-best-path.cc:99) For utterance 138_AlHamri_138Nas, best cost 2262.98 + 461850 = 464113 over 5352 frames.
138_AlHamri_138Nas birab~i {lr~aHoma`ni $ar~i maA {ll~ahi maA {ll~ahi {lr~aHoma`ni {lr~aHiymi qulo >aEuw*u <i*aA birab~i {ln~aAsi min yuwasowisu bisomi {ln~aAsi <ila`hi {ln~aAsi fiY <i*aA waqaba min $ar~i huwa <i*aA {ln~aAsi min $ar~i $ar~i diyni $ar~i {lr~aHiymi l~ahu, {ln~aAsi fiY 
LOG (lattice-best-path[5.5.996~1-2b016]:main():lattice-best-path.cc:99) For utterance 139_AbdulBari_139Falaq, best cost 2885.32 + 375398 = 378284 over 3911 frames.
139_AbdulBari_139Falaq bisomi maliki yuwlado {ll~ahi {ll~ahu bisomi yuwlado {ll~ahi fiY {lr~aHoma`ni {lr~aHoma`ni diyni {lr~aHiymi wamin qulo >aEuw*u birab~i $ar~i maA xalaqa maA xalaqa maA birab~i waqaba min $ar~i min $ar~i laA^ maA {ln~af~a`va`ti maA yuwasowisu fiY $ar~i >aHadN {ll~ahu $ar~i HaAsidK <i*aA yalido waqaba min $ar~i {lr~aHoma`ni bisomi yalido walamo >aHadN[ waqaba min $ar~i HaAsidK walamo min kufuwFA walamo 
LOG (lattice-best-path[5.5.996~1-2b016]:main():lattice-best-path.cc:99) For utterance 139_AbdulBari_139Ikhlas, best cost 2022.51 + 241629 = 243652 over 2454 frames.
139_AbdulBari_139Ikhlas bisomi yuwlado {ll~ahi {ll~ahu bisomi $ar~i maA yakun {ll~ahi fiY $ar~i {lr~aHoma`ni {lr~aHoma`ni diyni {lr~aHiymi >aEuw*u >aEuw*u {ll~ahu yalido maA walamo walamo yuwasowisu yalido {ll~ahu walaA^ yuwlado maA l~ahu, walaA^ maA >aEuw*u huwa l~ahu, qulo walamo lamo yalido yuwasowisu 
LOG (lattice-best-path[5.5.996~1-2b016]:main():lattice-best-path.cc:99) For utterance 139_AbdulBari_139Kafiroon, best cost 3321.73 + 505840 = 509162 over 5515 frames.
139_AbdulBari_139Kafiroon bisomi maliki {ll~ahi walaA^ maA {ll~ahi {lr~aHoma`ni {lr~aHoma`ni diyni {lr~aHiymi {lr~aHoma`ni qulo laA^ ya`^>ay~uhaA $ar~i {loxan~aAsi >aHadN walamo walaA^ Ea`biduwna <i*aA >aEuw*u huwa maA walaA^ maA^ l~ahu, {lr~aHiymi laA^ bisomi Ea`biduwna <i*aA huwa l~ahu, maliki walaA^ Ea`biduwna {ll~ahi maA diynukumo walamo walaA^ laA^ walaA^ Ea`biduwna Ea`biduwna l~ahu, walaA^ qulo <i*aA lakumo walamo walamo bisomi maA qulo $ar~i {lr~aHoma`ni {lr~aHoma`ni diyni 
LOG (lattice-best-path[5.5.996~1-2b016]:main():lattice-best-path.cc:99) For utterance 139_AbdulBari_139Nas, best cost 2969.25 + 448874 = 451844 over 5008 frames.
139_AbdulBari_139Nas birab~i bisomi $ar~i maA {ll~ahi walaA^ laA^ {lowasowaAsi maA {ll~ahi fiY {lr~aHoma`ni diyni {lr~aHiymi $ar~i qulo yalido >aEuw*u >aHadN birab~i {lofalaqi {ln~aAsi {lojin~api {ln~aAsi {lojin~api bisomi {ln~aAsi kufuwFA birab~i min $ar~i huwa walaA^ {lojin~api $ar~i wa{ln~aAsi {lojin~api qulo huwa {lr~aHiymi diyni huwa {lr~aHiymi $ar~i waliYa kufuwFA birab~i min huwa <i*aA 
LOG (lattice-best-path[5.5.996~1-2b016]:main():lattice-best-path.cc:99) For utterance 140_AbdulBasit_140Falaq, best cost 2899.44 + 609669 = 612568 over 6314 frames.
140_AbdulBasit_140Falaq bisomi Ea`biduwna >aEuw*u {loEuqadi {ll~ahi qulo wamin $ar~i birab~i {lr~aHoma`ni {lr~aHiymi $ar~i qulo >aEuw*u >aEuw*u wamin wamin {lojin~api birab~i waqaba min fiY $ar~i maA lamo >aHadN[ >aEuw*u wamin <i*aA >aHadN[ wamin qulo >aEuw*u walamo >aHadN[ walaA^ fiY {loEuqadi {lowasowaAsi fiY lamo >aHadN[ 
LOG (lattice-best-path[5.5.996~1-2b016]:main():lattice-best-path.cc:99) For utterance 140_AbdulBasit_140Ikhlas, best cost 2018.9 + 403606 = 405624 over 4099 frames.
140_AbdulBasit_140Ikhlas bisomi {loEuqadi >aEuw*u wamin qulo {ll~ahi wamin $ar~i birab~i {lr~aHoma`ni {lr~aHiymi >aEuw*u {ll~ahu yalido walamo wamin >aEuw*u {ll~ahu walamo bisomi {ll~ahu fiY yuwlado walaA^ lamo >aHadN[ qulo bisomi >aEuw*u lamo 
LOG (lattice-best-path[5.5.996~1-2b016]:main():lattice-best-path.cc:99) For utterance 140_AbdulBasit_140Kafiroon, best cost 4071.07 + 843626 = 847698 over 9068 frames.
140_AbdulBasit_140Kafiroon bisomi qulo >aEuw*u l~ahu, {ll~ahu {l~a*iY Ea`biduwna {lowasowaAsi maA l~ahu, {ll~ahu fiY diyni diyni >aEuw*u qulo fiY laA^ ya`^>ay~uhaA $ar~i laA^ >aEuw*u l~ahu, walamo >aHadN[ {ln~aAsi >aEobudu Ea`biduwna {l~a*iY Ea`biduwna qulo waliYa <i*aA walaA^ walamo walaA^ {l~a*iY ya`^>ay~uhaA Ea`biduwna Ea`biduwna {ll~ahu Ea`biduwna maA^ HaAsidK lamo >aHadN[ {l~a*iY wamin {ln~aAsi walamo wamin ya`^>ay~uhaA laA^ >aEuw*u walamo >aHadN[ walaA^ fiY {ll~ahu laA^ fiY diyni 
LOG (lattice-best-path[5.5.996~1-2b016]:main():lattice-best-path.cc:99) For utterance 140_AbdulBasit_140Nas, best cost 3728.97 + 772527 = 776256 over 8033 frames.
140_AbdulBasit_140Nas bisomi Ea`biduwna HaAsidK {ll~ahi Eabadt~umo qulo qulo $ar~i diyni diyni qulo >aEuw*u >aEuw*u fiY {ll~ahu birab~i maliki mina bisomi Ea`biduwna laA^ yuwasowisu {ln~aAsi bisomi qulo Ea`biduwna yuwasowisu {ln~aAsi birab~i {ll~ahu min maliki $ar~i wamin wamin maliki mina walaA^ ya`^>ay~uhaA <ila`hi fiY >aEuw*u walaA^ lamo l~ahu, $ar~i yuwlado qulo {ll~ahu l~ahu, qulo {ln~aAsi fiY fiY laA^ {ln~aAsi yuwasowisu walaA^ wamin >aEuw*u fiY {lr~aHoma`ni 
LOG (lattice-best-path[5.5.996~1-2b016]:main():lattice-best-path.cc:124) Overall cost per frame is 95.2396 = 0.579726 [graph] + 94.6599 [acoustic] over 131862 frames.
LOG (lattice-best-path[5.5.996~1-2b016]:main():lattice-best-path.cc:128) Done 32 lattices, failed for 0
# Accounting: time=1 threads=1
# Ended (code 0) at Tue Feb 15 14:17:56 PKT 2022, elapsed time 1 seconds
