# gmm-latgen-faster --max-active=7000 --beam=13.0 --lattice-beam=6.0 --acoustic-scale=0.083333 --allow-partial=true --word-symbol-table=exp/tri1/graph/words.txt exp/tri1/final.mdl exp/tri1/graph/HCLG.fst "ark,s,cs:apply-cmvn  --utt2spk=ark:data/test/split1/1/utt2spk scp:data/test/split1/1/cmvn.scp scp:data/test/split1/1/feats.scp ark:- | add-deltas  ark:- ark:- |" "ark:|gzip -c > exp/tri1/decode/lat.1.gz" 
# Started at Tue Feb 15 14:19:08 PKT 2022
#
gmm-latgen-faster --max-active=7000 --beam=13.0 --lattice-beam=6.0 --acoustic-scale=0.083333 --allow-partial=true --word-symbol-table=exp/tri1/graph/words.txt exp/tri1/final.mdl exp/tri1/graph/HCLG.fst 'ark,s,cs:apply-cmvn  --utt2spk=ark:data/test/split1/1/utt2spk scp:data/test/split1/1/cmvn.scp scp:data/test/split1/1/feats.scp ark:- | add-deltas  ark:- ark:- |' 'ark:|gzip -c > exp/tri1/decode/lat.1.gz' 
add-deltas ark:- ark:- 
apply-cmvn --utt2spk=ark:data/test/split1/1/utt2spk scp:data/test/split1/1/cmvn.scp scp:data/test/split1/1/feats.scp ark:- 
133_Hudhoudi_133Falaq bisomi {lr~aHiymi min Hasada <i*aA walamo 
LOG (gmm-latgen-faster[5.5.996~1-2b016]:DecodeUtteranceLatticeFaster():decoder-wrappers.cc:375) Log-like per frame for utterance 133_Hudhoudi_133Falaq is -7.98612 over 3297 frames.
133_Hudhoudi_133Ikhlas bisomi Hasada 
LOG (gmm-latgen-faster[5.5.996~1-2b016]:RebuildRepository():determinize-lattice-pruned.cc:283) Rebuilding repository.
LOG (gmm-latgen-faster[5.5.996~1-2b016]:RebuildRepository():determinize-lattice-pruned.cc:283) Rebuilding repository.
LOG (gmm-latgen-faster[5.5.996~1-2b016]:RebuildRepository():determinize-lattice-pruned.cc:283) Rebuilding repository.
LOG (gmm-latgen-faster[5.5.996~1-2b016]:DecodeUtteranceLatticeFaster():decoder-wrappers.cc:375) Log-like per frame for utterance 133_Hudhoudi_133Ikhlas is -8.13465 over 2158 frames.
133_Hudhoudi_133Kafiroon bisomi waqaba qulo Hasada Hasada 
LOG (gmm-latgen-faster[5.5.996~1-2b016]:RebuildRepository():determinize-lattice-pruned.cc:283) Rebuilding repository.
LOG (gmm-latgen-faster[5.5.996~1-2b016]:RebuildRepository():determinize-lattice-pruned.cc:283) Rebuilding repository.
LOG (gmm-latgen-faster[5.5.996~1-2b016]:RebuildRepository():determinize-lattice-pruned.cc:283) Rebuilding repository.
LOG (gmm-latgen-faster[5.5.996~1-2b016]:RebuildRepository():determinize-lattice-pruned.cc:283) Rebuilding repository.
LOG (gmm-latgen-faster[5.5.996~1-2b016]:RebuildRepository():determinize-lattice-pruned.cc:283) Rebuilding repository.
LOG (gmm-latgen-faster[5.5.996~1-2b016]:RebuildRepository():determinize-lattice-pruned.cc:283) Rebuilding repository.
LOG (gmm-latgen-faster[5.5.996~1-2b016]:RebuildRepository():determinize-lattice-pruned.cc:283) Rebuilding repository.
LOG (gmm-latgen-faster[5.5.996~1-2b016]:RebuildRepository():determinize-lattice-pruned.cc:283) Rebuilding repository.
LOG (gmm-latgen-faster[5.5.996~1-2b016]:RebuildRepository():determinize-lattice-pruned.cc:283) Rebuilding repository.
WARNING (gmm-latgen-faster[5.5.996~1-2b016]:CheckMemoryUsage():determinize-lattice-pruned.cc:316) Did not reach requested beam in determinize-lattice: size exceeds maximum 50000000 bytes; (repo,arcs,elems) = (44364384,25920,5879424), after rebuilding, repo size was 35055168, effective beam was 3.10866 vs. requested beam 6
WARNING (gmm-latgen-faster[5.5.996~1-2b016]:DecodeUtteranceLatticeFaster():decoder-wrappers.cc:363) Determinization finished earlier than the beam for utterance 133_Hudhoudi_133Kafiroon
LOG (gmm-latgen-faster[5.5.996~1-2b016]:DecodeUtteranceLatticeFaster():decoder-wrappers.cc:375) Log-like per frame for utterance 133_Hudhoudi_133Kafiroon is -7.7096 over 5698 frames.
133_Hudhoudi_133Nas bisomi {lr~aHiymi qulo 
LOG (gmm-latgen-faster[5.5.996~1-2b016]:DecodeUtteranceLatticeFaster():decoder-wrappers.cc:375) Log-like per frame for utterance 133_Hudhoudi_133Nas is -7.85315 over 4376 frames.
134_Kamel_134Falaq qulo qulo qulo qulo qulo maA^ qulo 
LOG (gmm-latgen-faster[5.5.996~1-2b016]:RebuildRepository():determinize-lattice-pruned.cc:283) Rebuilding repository.
LOG (gmm-latgen-faster[5.5.996~1-2b016]:RebuildRepository():determinize-lattice-pruned.cc:283) Rebuilding repository.
LOG (gmm-latgen-faster[5.5.996~1-2b016]:RebuildRepository():determinize-lattice-pruned.cc:283) Rebuilding repository.
LOG (gmm-latgen-faster[5.5.996~1-2b016]:RebuildRepository():determinize-lattice-pruned.cc:283) Rebuilding repository.
LOG (gmm-latgen-faster[5.5.996~1-2b016]:RebuildRepository():determinize-lattice-pruned.cc:283) Rebuilding repository.
LOG (gmm-latgen-faster[5.5.996~1-2b016]:RebuildRepository():determinize-lattice-pruned.cc:283) Rebuilding repository.
WARNING (gmm-latgen-faster[5.5.996~1-2b016]:CheckMemoryUsage():determinize-lattice-pruned.cc:316) Did not reach requested beam in determinize-lattice: size exceeds maximum 50000000 bytes; (repo,arcs,elems) = (42641920,27392,8317224), after rebuilding, repo size was 33969856, effective beam was 2.53363 vs. requested beam 6
WARNING (gmm-latgen-faster[5.5.996~1-2b016]:DeterminizeLatticePruned():determinize-lattice-pruned.cc:1280) Effective beam 2.53363 was less than beam 6 * cutoff 0.5, pruning raw lattice with new beam 3.89895 and retrying.
LOG (gmm-latgen-faster[5.5.996~1-2b016]:RebuildRepository():determinize-lattice-pruned.cc:283) Rebuilding repository.
LOG (gmm-latgen-faster[5.5.996~1-2b016]:DecodeUtteranceLatticeFaster():decoder-wrappers.cc:375) Log-like per frame for utterance 134_Kamel_134Falaq is -8.50161 over 3833 frames.
134_Kamel_134Ikhlas qulo huwa {ll~ahu qulo {ln~af~a`va`ti qulo qulo qulo 
LOG (gmm-latgen-faster[5.5.996~1-2b016]:RebuildRepository():determinize-lattice-pruned.cc:283) Rebuilding repository.
LOG (gmm-latgen-faster[5.5.996~1-2b016]:RebuildRepository():determinize-lattice-pruned.cc:283) Rebuilding repository.
LOG (gmm-latgen-faster[5.5.996~1-2b016]:RebuildRepository():determinize-lattice-pruned.cc:283) Rebuilding repository.
LOG (gmm-latgen-faster[5.5.996~1-2b016]:RebuildRepository():determinize-lattice-pruned.cc:283) Rebuilding repository.
LOG (gmm-latgen-faster[5.5.996~1-2b016]:RebuildRepository():determinize-lattice-pruned.cc:283) Rebuilding repository.
WARNING (gmm-latgen-faster[5.5.996~1-2b016]:CheckMemoryUsage():determinize-lattice-pruned.cc:316) Did not reach requested beam in determinize-lattice: size exceeds maximum 50000000 bytes; (repo,arcs,elems) = (41120928,43168,9290880), after rebuilding, repo size was 31283872, effective beam was 2.96128 vs. requested beam 6
WARNING (gmm-latgen-faster[5.5.996~1-2b016]:DeterminizeLatticePruned():determinize-lattice-pruned.cc:1280) Effective beam 2.96128 was less than beam 6 * cutoff 0.5, pruning raw lattice with new beam 4.21517 and retrying.
LOG (gmm-latgen-faster[5.5.996~1-2b016]:DecodeUtteranceLatticeFaster():decoder-wrappers.cc:375) Log-like per frame for utterance 134_Kamel_134Ikhlas is -8.58119 over 2527 frames.
134_Kamel_134Kafiroon diyni >aHadN[ qulo fiY qulo qulo 
LOG (gmm-latgen-faster[5.5.996~1-2b016]:RebuildRepository():determinize-lattice-pruned.cc:283) Rebuilding repository.
LOG (gmm-latgen-faster[5.5.996~1-2b016]:RebuildRepository():determinize-lattice-pruned.cc:283) Rebuilding repository.
LOG (gmm-latgen-faster[5.5.996~1-2b016]:RebuildRepository():determinize-lattice-pruned.cc:283) Rebuilding repository.
LOG (gmm-latgen-faster[5.5.996~1-2b016]:RebuildRepository():determinize-lattice-pruned.cc:283) Rebuilding repository.
LOG (gmm-latgen-faster[5.5.996~1-2b016]:RebuildRepository():determinize-lattice-pruned.cc:283) Rebuilding repository.
LOG (gmm-latgen-faster[5.5.996~1-2b016]:RebuildRepository():determinize-lattice-pruned.cc:283) Rebuilding repository.
LOG (gmm-latgen-faster[5.5.996~1-2b016]:RebuildRepository():determinize-lattice-pruned.cc:283) Rebuilding repository.
WARNING (gmm-latgen-faster[5.5.996~1-2b016]:CheckMemoryUsage():determinize-lattice-pruned.cc:316) Did not reach requested beam in determinize-lattice: size exceeds maximum 50000000 bytes; (repo,arcs,elems) = (44452864,44704,6772656), after rebuilding, repo size was 33694624, effective beam was 5.14726 vs. requested beam 6
WARNING (gmm-latgen-faster[5.5.996~1-2b016]:DecodeUtteranceLatticeFaster():decoder-wrappers.cc:363) Determinization finished earlier than the beam for utterance 134_Kamel_134Kafiroon
LOG (gmm-latgen-faster[5.5.996~1-2b016]:DecodeUtteranceLatticeFaster():decoder-wrappers.cc:375) Log-like per frame for utterance 134_Kamel_134Kafiroon is -8.21296 over 4541 frames.
134_Kamel_134Nas qulo qulo qulo qulo Hasada $ar~i qulo qulo Hasada qulo qulo qulo qulo Hasada qulo qulo 
LOG (gmm-latgen-faster[5.5.996~1-2b016]:RebuildRepository():determinize-lattice-pruned.cc:283) Rebuilding repository.
LOG (gmm-latgen-faster[5.5.996~1-2b016]:RebuildRepository():determinize-lattice-pruned.cc:283) Rebuilding repository.
