# build-tree --verbose=1 --max-leaves=2000 --cluster-thresh=-1 exp/tri1/treeacc data/lang/phones/roots.int exp/tri1/questions.qst data/lang/topo exp/tri1/tree 
# Started at Tue Feb 15 14:18:03 PKT 2022
#
build-tree --verbose=1 --max-leaves=2000 --cluster-thresh=-1 exp/tri1/treeacc data/lang/phones/roots.int exp/tri1/questions.qst data/lang/topo exp/tri1/tree 
LOG (build-tree[5.5.996~1-2b016]:main():build-tree.cc:104) Number of separate statistics is 827
LOG (build-tree[5.5.996~1-2b016]:BuildTree():build-tree.cc:161) BuildTree: before building trees, map has 69 leaves.
LOG (build-tree[5.5.996~1-2b016]:SplitDecisionTree():build-tree-utils.cc:577) DoDecisionTreeSplit: split 363 times, #leaves now 432
LOG (build-tree[5.5.996~1-2b016]:BuildTree():build-tree.cc:187) Setting clustering threshold to smallest split 300.654
VLOG[1] (build-tree[5.5.996~1-2b016]:BuildTree():build-tree.cc:196) After decision tree split, num-leaves = 432, like-impr = 4.07887 per frame over 390155 frames.
VLOG[1] (build-tree[5.5.996~1-2b016]:BuildTree():build-tree.cc:200) Including just phones that were split, improvement is 4.07887 per frame over 390155 frames.
LOG (build-tree[5.5.996~1-2b016]:BuildTree():build-tree.cc:215) BuildTree: removed 22 leaves.
VLOG[1] (build-tree[5.5.996~1-2b016]:ClusterEventMapToNClustersRestrictedByMap():build-tree-utils.cc:914) Number of non-empty clusters in map = 68
VLOG[1] (build-tree[5.5.996~1-2b016]:ClusterEventMapToNClustersRestrictedByMap():build-tree-utils.cc:915) Number of non-empty clusters = 409
LOG (build-tree[5.5.996~1-2b016]:BuildTree():build-tree.cc:231) BuildTree: Rounded num leaves to multiple of 8 by removing 2 leaves.
VLOG[1] (build-tree[5.5.996~1-2b016]:BuildTree():build-tree.cc:256) Objf change due to clustering -0.0121285 per frame.
VLOG[1] (build-tree[5.5.996~1-2b016]:BuildTree():build-tree.cc:259) Normalizing over only split phones, this is: -0.0121285 per frame.
VLOG[1] (build-tree[5.5.996~1-2b016]:BuildTree():build-tree.cc:262) Num-leaves is now 408
VLOG[1] (build-tree[5.5.996~1-2b016]:main():build-tree.cc:143) For pdf-id 1, low count 0
VLOG[1] (build-tree[5.5.996~1-2b016]:main():build-tree.cc:143) For pdf-id 27, low count 97
VLOG[1] (build-tree[5.5.996~1-2b016]:main():build-tree.cc:143) For pdf-id 33, low count 27
VLOG[1] (build-tree[5.5.996~1-2b016]:main():build-tree.cc:143) For pdf-id 36, low count 99
VLOG[1] (build-tree[5.5.996~1-2b016]:main():build-tree.cc:143) For pdf-id 40, low count 62
VLOG[1] (build-tree[5.5.996~1-2b016]:main():build-tree.cc:143) For pdf-id 45, low count 56
VLOG[1] (build-tree[5.5.996~1-2b016]:main():build-tree.cc:143) For pdf-id 50, low count 58
VLOG[1] (build-tree[5.5.996~1-2b016]:main():build-tree.cc:143) For pdf-id 57, low count 47
VLOG[1] (build-tree[5.5.996~1-2b016]:main():build-tree.cc:143) For pdf-id 66, low count 25
VLOG[1] (build-tree[5.5.996~1-2b016]:main():build-tree.cc:143) For pdf-id 67, low count 58
VLOG[1] (build-tree[5.5.996~1-2b016]:main():build-tree.cc:143) For pdf-id 107, low count 95
VLOG[1] (build-tree[5.5.996~1-2b016]:main():build-tree.cc:143) For pdf-id 122, low count 58
VLOG[1] (build-tree[5.5.996~1-2b016]:main():build-tree.cc:143) For pdf-id 148, low count 88
VLOG[1] (build-tree[5.5.996~1-2b016]:main():build-tree.cc:143) For pdf-id 150, low count 27
VLOG[1] (build-tree[5.5.996~1-2b016]:main():build-tree.cc:143) For pdf-id 153, low count 86
VLOG[1] (build-tree[5.5.996~1-2b016]:main():build-tree.cc:143) For pdf-id 154, low count 74
VLOG[1] (build-tree[5.5.996~1-2b016]:main():build-tree.cc:143) For pdf-id 178, low count 44
VLOG[1] (build-tree[5.5.996~1-2b016]:main():build-tree.cc:143) For pdf-id 179, low count 34
VLOG[1] (build-tree[5.5.996~1-2b016]:main():build-tree.cc:143) For pdf-id 180, low count 26
VLOG[1] (build-tree[5.5.996~1-2b016]:main():build-tree.cc:143) For pdf-id 192, low count 77
VLOG[1] (build-tree[5.5.996~1-2b016]:main():build-tree.cc:143) For pdf-id 207, low count 89
VLOG[1] (build-tree[5.5.996~1-2b016]:main():build-tree.cc:143) For pdf-id 212, low count 71
VLOG[1] (build-tree[5.5.996~1-2b016]:main():build-tree.cc:143) For pdf-id 225, low count 86
VLOG[1] (build-tree[5.5.996~1-2b016]:main():build-tree.cc:143) For pdf-id 233, low count 92
VLOG[1] (build-tree[5.5.996~1-2b016]:main():build-tree.cc:143) For pdf-id 234, low count 76
VLOG[1] (build-tree[5.5.996~1-2b016]:main():build-tree.cc:143) For pdf-id 238, low count 93
VLOG[1] (build-tree[5.5.996~1-2b016]:main():build-tree.cc:143) For pdf-id 253, low count 87
VLOG[1] (build-tree[5.5.996~1-2b016]:main():build-tree.cc:143) For pdf-id 262, low count 99
VLOG[1] (build-tree[5.5.996~1-2b016]:main():build-tree.cc:143) For pdf-id 271, low count 87
VLOG[1] (build-tree[5.5.996~1-2b016]:main():build-tree.cc:143) For pdf-id 274, low count 66
VLOG[1] (build-tree[5.5.996~1-2b016]:main():build-tree.cc:143) For pdf-id 284, low count 85
VLOG[1] (build-tree[5.5.996~1-2b016]:main():build-tree.cc:143) For pdf-id 286, low count 55
VLOG[1] (build-tree[5.5.996~1-2b016]:main():build-tree.cc:143) For pdf-id 290, low count 71
VLOG[1] (build-tree[5.5.996~1-2b016]:main():build-tree.cc:143) For pdf-id 320, low count 92
VLOG[1] (build-tree[5.5.996~1-2b016]:main():build-tree.cc:143) For pdf-id 324, low count 84
VLOG[1] (build-tree[5.5.996~1-2b016]:main():build-tree.cc:143) For pdf-id 331, low count 22
VLOG[1] (build-tree[5.5.996~1-2b016]:main():build-tree.cc:143) For pdf-id 334, low count 70
VLOG[1] (build-tree[5.5.996~1-2b016]:main():build-tree.cc:143) For pdf-id 339, low count 69
VLOG[1] (build-tree[5.5.996~1-2b016]:main():build-tree.cc:143) For pdf-id 343, low count 63
VLOG[1] (build-tree[5.5.996~1-2b016]:main():build-tree.cc:143) For pdf-id 354, low count 65
VLOG[1] (build-tree[5.5.996~1-2b016]:main():build-tree.cc:143) For pdf-id 357, low count 71
WARNING (build-tree[5.5.996~1-2b016]:main():build-tree.cc:185) Saw no stats for following phones: 2 3 4 5 6 7 8 9 10 12 13 14 15 17 18 19 20 21 24 26 27 29 30 31 33 34 35 36 37 40 41 42 43 45 46 48 49 50 51 53 54 55 57 59 60 61 63 64 65 68 69 70 71 73 74 76 77 78 79 80 81 83 84 85 87 88 89 92 93 94 95 97 98 99 100 101 103 104 105 107 108 109 112 113 114 115 117 118 120 121 122 123 124 126 127 129 130 131 132 133 135 136 137 139 140 141 143 144 145 147 149 150 151 153 155 156 157 159 160 161 163 164 165 168 169 170 171 173 174 175 176 177 179 180 181 183 184 185 187 189 190 191 193 194 195 197 199 200 201 203 204 205 207 208 209 211 213 214 215 216 217 219 221 222 223 224 225 227 228 229 231 232 233 235 236 237 239 240 241 243 244 245 247 249 250 251 253 254 255 256 257 259 260 261 263 264 265 267 269 270 271 272 273 275 277 278 
LOG (build-tree[5.5.996~1-2b016]:main():build-tree.cc:189) Wrote tree
# Accounting: time=0 threads=1
# Ended (code 0) at Tue Feb 15 14:18:03 PKT 2022, elapsed time 0 seconds
