# gmm-est --mix-up=11000 --power=0.25 --write-occs=exp/tri1/35.occs exp/tri1/34.mdl "gmm-sum-accs - exp/tri1/34.*.acc |" exp/tri1/35.mdl 
# Started at Tue Feb 15 14:19:08 PKT 2022
#
gmm-est --mix-up=11000 --power=0.25 --write-occs=exp/tri1/35.occs exp/tri1/34.mdl 'gmm-sum-accs - exp/tri1/34.*.acc |' exp/tri1/35.mdl 
gmm-sum-accs - exp/tri1/34.1.acc 
LOG (gmm-sum-accs[5.5.996~1-2b016]:main():gmm-sum-accs.cc:63) Summed 1 stats, total count 390155, avg like/frame -86.1296
LOG (gmm-sum-accs[5.5.996~1-2b016]:main():gmm-sum-accs.cc:66) Total count of stats is 390155
LOG (gmm-sum-accs[5.5.996~1-2b016]:main():gmm-sum-accs.cc:67) Written stats to -
LOG (gmm-est[5.5.996~1-2b016]:MleUpdate():transition-model.cc:528) TransitionModel::Update, objf change is 0 per frame over 390155 frames. 
LOG (gmm-est[5.5.996~1-2b016]:MleUpdate():transition-model.cc:531) 18 probabilities floored, 1292 out of 1718 transition-states skipped due to insuffient data (it is normal to have some skipped.)
LOG (gmm-est[5.5.996~1-2b016]:main():gmm-est.cc:102) Transition model update: Overall 0 log-like improvement per frame over 390155 frames.
WARNING (gmm-est[5.5.996~1-2b016]:MleDiagGmmUpdate():mle-diag-gmm.cc:365) Gaussian has too little data but not removing it because it is the last Gaussian: i = 0, occ = 0, weight = 1
WARNING (gmm-est[5.5.996~1-2b016]:MleDiagGmmUpdate():mle-diag-gmm.cc:359) Too little data - removing Gaussian (weight 0.006810, occupation count 9.997790, vector size 39)
WARNING (gmm-est[5.5.996~1-2b016]:MleDiagGmmUpdate():mle-diag-gmm.cc:359) Too little data - removing Gaussian (weight 0.008426, occupation count 9.016111, vector size 39)
WARNING (gmm-est[5.5.996~1-2b016]:MleDiagGmmUpdate():mle-diag-gmm.cc:359) Too little data - removing Gaussian (weight 0.006253, occupation count 9.999160, vector size 39)
WARNING (gmm-est[5.5.996~1-2b016]:MleDiagGmmUpdate():mle-diag-gmm.cc:359) Too little data - removing Gaussian (weight 0.008517, occupation count 9.999161, vector size 39)
WARNING (gmm-est[5.5.996~1-2b016]:MleDiagGmmUpdate():mle-diag-gmm.cc:359) Too little data - removing Gaussian (weight 0.005875, occupation count 9.751915, vector size 39)
WARNING (gmm-est[5.5.996~1-2b016]:MleDiagGmmUpdate():mle-diag-gmm.cc:359) Too little data - removing Gaussian (weight 0.062352, occupation count 7.731650, vector size 39)
LOG (gmm-est[5.5.996~1-2b016]:MleAmDiagGmmUpdate():mle-am-diag-gmm.cc:225) 40 variance elements floored in 40 Gaussians, out of 11023
LOG (gmm-est[5.5.996~1-2b016]:MleAmDiagGmmUpdate():mle-am-diag-gmm.cc:229) Removed 6 Gaussians due to counts < --min-gaussian-occupancy=10 and --remove-low-count-gaussians=true
LOG (gmm-est[5.5.996~1-2b016]:main():gmm-est.cc:113) GMM update: Overall 0.0195378 objective function improvement per frame over 390155 frames
LOG (gmm-est[5.5.996~1-2b016]:main():gmm-est.cc:116) GMM update: Overall avg like per frame = -86.1296 over 390155 frames.
LOG (gmm-est[5.5.996~1-2b016]:SplitByCount():am-diag-gmm.cc:116) Split 408 states with target = 11000, power = 0.25, perturb_factor = 0.01 and min_count = 20, split #Gauss from 11023 to 11029
LOG (gmm-est[5.5.996~1-2b016]:main():gmm-est.cc:146) Written model to exp/tri1/35.mdl
# Accounting: time=0 threads=1
# Ended (code 0) at Tue Feb 15 14:19:08 PKT 2022, elapsed time 0 seconds
