# gmm-est --mix-up=4520 --power=0.25 --write-occs=exp/tri1/9.occs exp/tri1/8.mdl "gmm-sum-accs - exp/tri1/8.*.acc |" exp/tri1/9.mdl 
# Started at Tue Feb 15 14:18:08 PKT 2022
#
gmm-est --mix-up=4520 --power=0.25 --write-occs=exp/tri1/9.occs exp/tri1/8.mdl 'gmm-sum-accs - exp/tri1/8.*.acc |' exp/tri1/9.mdl 
gmm-sum-accs - exp/tri1/8.1.acc 
LOG (gmm-sum-accs[5.5.996~1-2b016]:main():gmm-sum-accs.cc:63) Summed 1 stats, total count 390155, avg like/frame -91.0075
LOG (gmm-sum-accs[5.5.996~1-2b016]:main():gmm-sum-accs.cc:66) Total count of stats is 390155
LOG (gmm-sum-accs[5.5.996~1-2b016]:main():gmm-sum-accs.cc:67) Written stats to -
LOG (gmm-est[5.5.996~1-2b016]:MleUpdate():transition-model.cc:528) TransitionModel::Update, objf change is 0 per frame over 390155 frames. 
LOG (gmm-est[5.5.996~1-2b016]:MleUpdate():transition-model.cc:531) 13 probabilities floored, 1292 out of 1718 transition-states skipped due to insuffient data (it is normal to have some skipped.)
LOG (gmm-est[5.5.996~1-2b016]:main():gmm-est.cc:102) Transition model update: Overall 0 log-like improvement per frame over 390155 frames.
WARNING (gmm-est[5.5.996~1-2b016]:MleDiagGmmUpdate():mle-diag-gmm.cc:365) Gaussian has too little data but not removing it because it is the last Gaussian: i = 0, occ = 0, weight = 1
WARNING (gmm-est[5.5.996~1-2b016]:MleDiagGmmUpdate():mle-diag-gmm.cc:359) Too little data - removing Gaussian (weight 0.045774, occupation count 9.520889, vector size 39)
WARNING (gmm-est[5.5.996~1-2b016]:MleDiagGmmUpdate():mle-diag-gmm.cc:359) Too little data - removing Gaussian (weight 0.060491, occupation count 9.980992, vector size 39)
LOG (gmm-est[5.5.996~1-2b016]:MleAmDiagGmmUpdate():mle-am-diag-gmm.cc:225) 1 variance elements floored in 1 Gaussians, out of 4158
LOG (gmm-est[5.5.996~1-2b016]:MleAmDiagGmmUpdate():mle-am-diag-gmm.cc:229) Removed 2 Gaussians due to counts < --min-gaussian-occupancy=10 and --remove-low-count-gaussians=true
LOG (gmm-est[5.5.996~1-2b016]:main():gmm-est.cc:113) GMM update: Overall 0.191271 objective function improvement per frame over 390155 frames
LOG (gmm-est[5.5.996~1-2b016]:main():gmm-est.cc:116) GMM update: Overall avg like per frame = -91.0075 over 390155 frames.
LOG (gmm-est[5.5.996~1-2b016]:SplitByCount():am-diag-gmm.cc:116) Split 408 states with target = 4520, power = 0.25, perturb_factor = 0.01 and min_count = 20, split #Gauss from 4158 to 4520
LOG (gmm-est[5.5.996~1-2b016]:main():gmm-est.cc:146) Written model to exp/tri1/9.mdl
# Accounting: time=0 threads=1
# Ended (code 0) at Tue Feb 15 14:18:08 PKT 2022, elapsed time 0 seconds
